\BOOKMARK [1][-]{section.1}{\376\377\000I\000n\000t\000r\000o\000d\000u\000c\000t\000i\000o\000n}{}% 1
\BOOKMARK [1][-]{section.2}{\376\377\000R\000e\000l\000a\000t\000e\000d\000\040\000W\000o\000r\000k}{}% 2
\BOOKMARK [1][-]{section.3}{\376\377\000M\000a\000t\000h\000e\000m\000a\000t\000i\000c\000a\000l\000\040\000F\000o\000u\000n\000d\000a\000t\000i\000o\000n\000s}{}% 3
\BOOKMARK [2][-]{subsection.3.1}{\376\377\000T\000r\000a\000n\000s\000f\000o\000r\000m\000e\000r\000\040\000A\000r\000c\000h\000i\000t\000e\000c\000t\000u\000r\000e}{section.3}% 4
\BOOKMARK [2][-]{subsection.3.2}{\376\377\000M\000u\000l\000t\000i\000-\000H\000e\000a\000d\000\040\000A\000t\000t\000e\000n\000t\000i\000o\000n}{section.3}% 5
\BOOKMARK [2][-]{subsection.3.3}{\376\377\000R\000o\000t\000a\000r\000y\000\040\000P\000o\000s\000i\000t\000i\000o\000n\000\040\000E\000m\000b\000e\000d\000d\000i\000n\000g\000\040\000\050\000R\000o\000P\000E\000\051}{section.3}% 6
\BOOKMARK [2][-]{subsection.3.4}{\376\377\000N\000o\000r\000m\000a\000l\000i\000z\000a\000t\000i\000o\000n}{section.3}% 7
\BOOKMARK [2][-]{subsection.3.5}{\376\377\000F\000e\000e\000d\000-\000F\000o\000r\000w\000a\000r\000d\000\040\000N\000e\000t\000w\000o\000r\000k\000s}{section.3}% 8
\BOOKMARK [2][-]{subsection.3.6}{\376\377\000S\000a\000m\000p\000l\000i\000n\000g\000\040\000T\000h\000e\000o\000r\000y}{section.3}% 9
\BOOKMARK [1][-]{section.4}{\376\377\000C\000o\000m\000p\000u\000t\000a\000t\000i\000o\000n\000a\000l\000\040\000C\000o\000m\000p\000l\000e\000x\000i\000t\000y\000\040\000A\000n\000a\000l\000y\000s\000i\000s}{}% 10
\BOOKMARK [2][-]{subsection.4.1}{\376\377\000P\000e\000r\000-\000T\000o\000k\000e\000n\000\040\000C\000o\000m\000p\000l\000e\000x\000i\000t\000y}{section.4}% 11
\BOOKMARK [2][-]{subsection.4.2}{\376\377\000M\000e\000m\000o\000r\000y\000\040\000R\000e\000q\000u\000i\000r\000e\000m\000e\000n\000t\000s}{section.4}% 12
\BOOKMARK [1][-]{section.5}{\376\377\000Q\000u\000a\000n\000t\000i\000z\000a\000t\000i\000o\000n\000\040\000T\000h\000e\000o\000r\000y}{}% 13
\BOOKMARK [2][-]{subsection.5.1}{\376\377\000B\000l\000o\000c\000k\000-\000w\000i\000s\000e\000\040\000S\000y\000m\000m\000e\000t\000r\000i\000c\000\040\000Q\000u\000a\000n\000t\000i\000z\000a\000t\000i\000o\000n}{section.5}% 14
\BOOKMARK [2][-]{subsection.5.2}{\376\377\000Q\000u\000a\000n\000t\000i\000z\000e\000d\000\040\000D\000o\000t\000\040\000P\000r\000o\000d\000u\000c\000t}{section.5}% 15
\BOOKMARK [2][-]{subsection.5.3}{\376\377\000K\000V\000\040\000C\000a\000c\000h\000e\000\040\000Q\000u\000a\000n\000t\000i\000z\000a\000t\000i\000o\000n}{section.5}% 16
\BOOKMARK [1][-]{section.6}{\376\377\000Q\000R\000A\000F\000\040\000B\000i\000n\000a\000r\000y\000\040\000F\000o\000r\000m\000a\000t}{}% 17
\BOOKMARK [1][-]{section.7}{\376\377\000I\000n\000f\000e\000r\000e\000n\000c\000e\000\040\000E\000n\000g\000i\000n\000e}{}% 18
\BOOKMARK [2][-]{subsection.7.1}{\376\377\000A\000r\000c\000h\000i\000t\000e\000c\000t\000u\000r\000e\000\040\000D\000i\000s\000p\000a\000t\000c\000h}{section.7}% 19
\BOOKMARK [2][-]{subsection.7.2}{\376\377\000B\000P\000E\000\040\000T\000o\000k\000e\000n\000i\000z\000a\000t\000i\000o\000n}{section.7}% 20
\BOOKMARK [1][-]{section.8}{\376\377\000A\000p\000p\000l\000e\000\040\000S\000i\000l\000i\000c\000o\000n\000\040\000O\000p\000t\000i\000m\000i\000z\000a\000t\000i\000o\000n}{}% 21
\BOOKMARK [2][-]{subsection.8.1}{\376\377\000O\000p\000t\000i\000m\000i\000z\000a\000t\000i\000o\000n\000\040\000H\000i\000e\000r\000a\000r\000c\000h\000y}{section.8}% 22
\BOOKMARK [2][-]{subsection.8.2}{\376\377\000N\000E\000O\000N\000\040\000T\000h\000r\000o\000u\000g\000h\000p\000u\000t\000\040\000M\000o\000d\000e\000l}{section.8}% 23
\BOOKMARK [2][-]{subsection.8.3}{\376\377\000G\000C\000D\000\040\000T\000h\000r\000e\000a\000d\000i\000n\000g\000\040\000M\000o\000d\000e\000l}{section.8}% 24
\BOOKMARK [1][-]{section.9}{\376\377\000A\000d\000v\000a\000n\000c\000e\000d\000\040\000F\000e\000a\000t\000u\000r\000e\000s}{}% 25
\BOOKMARK [2][-]{subsection.9.1}{\376\377\000L\000o\000R\000A\000\040\000A\000d\000a\000p\000t\000e\000r\000\040\000M\000e\000r\000g\000i\000n\000g}{section.9}% 26
\BOOKMARK [2][-]{subsection.9.2}{\376\377\000S\000p\000e\000c\000u\000l\000a\000t\000i\000v\000e\000\040\000D\000e\000c\000o\000d\000i\000n\000g}{section.9}% 27
\BOOKMARK [2][-]{subsection.9.3}{\376\377\000C\000o\000n\000t\000i\000n\000u\000o\000u\000s\000\040\000B\000a\000t\000c\000h\000i\000n\000g}{section.9}% 28
\BOOKMARK [1][-]{section.10}{\376\377\000E\000v\000a\000l\000u\000a\000t\000i\000o\000n}{}% 29
\BOOKMARK [2][-]{subsection.10.1}{\376\377\000E\000x\000p\000e\000r\000i\000m\000e\000n\000t\000a\000l\000\040\000S\000e\000t\000u\000p}{section.10}% 30
\BOOKMARK [2][-]{subsection.10.2}{\376\377\000I\000n\000f\000e\000r\000e\000n\000c\000e\000\040\000S\000p\000e\000e\000d}{section.10}% 31
\BOOKMARK [2][-]{subsection.10.3}{\376\377\000O\000p\000t\000i\000m\000i\000z\000a\000t\000i\000o\000n\000\040\000I\000m\000p\000a\000c\000t}{section.10}% 32
\BOOKMARK [2][-]{subsection.10.4}{\376\377\000S\000c\000a\000l\000i\000n\000g\000\040\000A\000n\000a\000l\000y\000s\000i\000s}{section.10}% 33
\BOOKMARK [2][-]{subsection.10.5}{\376\377\000T\000o\000k\000e\000n\000i\000z\000e\000r\000\040\000Q\000u\000a\000l\000i\000t\000y\000\040\000I\000m\000p\000a\000c\000t}{section.10}% 34
\BOOKMARK [2][-]{subsection.10.6}{\376\377\000T\000e\000x\000t\000\040\000Q\000u\000a\000l\000i\000t\000y}{section.10}% 35
\BOOKMARK [1][-]{section.11}{\376\377\000D\000i\000s\000c\000u\000s\000s\000i\000o\000n}{}% 36
\BOOKMARK [1][-]{section.12}{\376\377\000C\000o\000n\000c\000l\000u\000s\000i\000o\000n}{}% 37
